2015-11-10 15:26:56 10fc InnoDB: Warning: Using innodb_additional_mem_pool_size is DEPRECATED. This option may be removed in future releases, together with the option innodb_use_sys_malloc and with the InnoDB's internal memory allocator.
2015-11-10 15:26:56 4348 [Note] InnoDB: Using mutexes to ref count buffer pool pages
2015-11-10 15:26:56 4348 [Note] InnoDB: The InnoDB memory heap is disabled
2015-11-10 15:26:56 4348 [Note] InnoDB: Mutexes and rw_locks use Windows interlocked functions
2015-11-10 15:26:56 4348 [Note] InnoDB: Memory barrier is not used
2015-11-10 15:26:56 4348 [Note] InnoDB: Compressed tables use zlib 1.2.3
2015-11-10 15:26:56 4348 [Note] InnoDB: Not using CPU crc32 instructions
2015-11-10 15:26:56 4348 [Note] InnoDB: Initializing buffer pool, size = 16.0M
2015-11-10 15:26:56 4348 [Note] InnoDB: Completed initialization of buffer pool
2015-11-10 15:26:56 4348 [Note] InnoDB: Highest supported file format is Barracuda.
2015-11-10 15:26:57 4348 [Note] InnoDB: 128 rollback segment(s) are active.
2015-11-10 15:26:57 4348 [Note] InnoDB: Waiting for purge to start
2015-11-10 15:26:57 4348 [Note] InnoDB:  Percona XtraDB (http://www.percona.com) 5.6.26-74.0 started; log sequence number 1835027
2015-11-10 15:26:57 6140 [Note] InnoDB: Dumping buffer pool(s) not yet started
2015-11-10 15:26:57 4348 [Note] Plugin 'FEEDBACK' is disabled.
2015-11-10 15:26:57 4348 [Note] Server socket created on IP: '::'.
2015-11-10 15:26:57 4348 [Note] Event Scheduler: Loaded 0 events
2015-11-10 15:26:57 4348 [Note] C:\xampp\mysql\bin\mysqld.exe: ready for connections.
Version: '10.1.8-MariaDB'  socket: ''  port: 3306  mariadb.org binary distribution
2015-11-10 15:27:11 5152 [Note] C:\xampp\mysql\bin\mysqld.exe: Normal shutdown

2015-11-10 15:27:11 5152 [Note] Event Scheduler: Purging the queue. 0 events
2015-11-10 15:27:11 5732 [Note] InnoDB: FTS optimize thread exiting.
2015-11-10 15:27:11 5152 [Note] InnoDB: Starting shutdown...
2015-11-10 15:27:13 5152 [Note] InnoDB: Shutdown completed; log sequence number 1835037
2015-11-10 15:27:13 5152 [Note] C:\xampp\mysql\bin\mysqld.exe: Shutdown complete

2019-06-02 22:19:56 3fb4 InnoDB: Warning: Using innodb_additional_mem_pool_size is DEPRECATED. This option may be removed in future releases, together with the option innodb_use_sys_malloc and with the InnoDB's internal memory allocator.
2019-06-02 22:19:56 16308 [Note] InnoDB: innodb_empty_free_list_algorithm has been changed to legacy because of small buffer pool size. In order to use backoff, increase buffer pool at least up to 20MB.

2019-06-02 22:19:56 16308 [Note] InnoDB: Using mutexes to ref count buffer pool pages
2019-06-02 22:19:56 16308 [Note] InnoDB: The InnoDB memory heap is disabled
2019-06-02 22:19:56 16308 [Note] InnoDB: Mutexes and rw_locks use Windows interlocked functions
2019-06-02 22:19:56 16308 [Note] InnoDB: _mm_lfence() and _mm_sfence() are used for memory barrier
2019-06-02 22:19:56 16308 [Note] InnoDB: Compressed tables use zlib 1.2.11
2019-06-02 22:19:56 16308 [Note] InnoDB: Using generic crc32 instructions
2019-06-02 22:19:56 16308 [Note] InnoDB: Initializing buffer pool, size = 16.0M
2019-06-02 22:19:56 16308 [Note] InnoDB: Completed initialization of buffer pool
2019-06-02 22:19:56 16308 [Note] InnoDB: Highest supported file format is Barracuda.
2019-06-02 22:19:56 16308 [Note] InnoDB: 128 rollback segment(s) are active.
2019-06-02 22:19:56 16308 [Note] InnoDB: Waiting for purge to start
2019-06-02 22:19:56 16308 [Note] InnoDB:  Percona XtraDB (http://www.percona.com) 5.6.43-84.3 started; log sequence number 1835037
2019-06-02 22:19:56 2848 [Note] InnoDB: Dumping buffer pool(s) not yet started
2019-06-02 22:19:56 16308 [Note] Plugin 'FEEDBACK' is disabled.
2019-06-02 22:19:56 16308 [Note] Server socket created on IP: '::'.
2019-06-02 22:19:56 16308 [Note] c:\xampp\mysql\bin\mysqld.exe: ready for connections.
Version: '10.1.40-MariaDB'  socket: ''  port: 3306  mariadb.org binary distribution
2019-06-03 23:44:59 29e8 InnoDB: Warning: Using innodb_additional_mem_pool_size is DEPRECATED. This option may be removed in future releases, together with the option innodb_use_sys_malloc and with the InnoDB's internal memory allocator.
2019-06-03 23:44:59 10728 [Note] InnoDB: innodb_empty_free_list_algorithm has been changed to legacy because of small buffer pool size. In order to use backoff, increase buffer pool at least up to 20MB.

2019-06-03 23:44:59 10728 [Note] InnoDB: Using mutexes to ref count buffer pool pages
2019-06-03 23:44:59 10728 [Note] InnoDB: The InnoDB memory heap is disabled
2019-06-03 23:44:59 10728 [Note] InnoDB: Mutexes and rw_locks use Windows interlocked functions
2019-06-03 23:44:59 10728 [Note] InnoDB: _mm_lfence() and _mm_sfence() are used for memory barrier
2019-06-03 23:44:59 10728 [Note] InnoDB: Compressed tables use zlib 1.2.11
2019-06-03 23:44:59 10728 [Note] InnoDB: Using generic crc32 instructions
2019-06-03 23:44:59 10728 [Note] InnoDB: Initializing buffer pool, size = 16.0M
2019-06-03 23:44:59 10728 [Note] InnoDB: Completed initialization of buffer pool
2019-06-03 23:44:59 10728 [Note] InnoDB: Highest supported file format is Barracuda.
2019-06-03 23:44:59 10728 [Note] InnoDB: The log sequence number 1835037 in ibdata file do not match the log sequence number 1835435 in the ib_logfiles!
2019-06-03 23:44:59 10728 [Note] InnoDB: Restoring possible half-written data pages from the doublewrite buffer...
2019-06-03 23:45:00 10728 [Note] InnoDB: 128 rollback segment(s) are active.
2019-06-03 23:45:00 10728 [Note] InnoDB: Waiting for purge to start
2019-06-03 23:45:00 10728 [Note] InnoDB:  Percona XtraDB (http://www.percona.com) 5.6.43-84.3 started; log sequence number 1835435
2019-06-03 23:45:00 19636 [Note] InnoDB: Dumping buffer pool(s) not yet started
2019-06-03 23:45:00 10728 [Note] Plugin 'FEEDBACK' is disabled.
2019-06-03 23:45:00 10728 [Note] Server socket created on IP: '::'.
2019-06-03 23:45:00 10728 [Note] mysql\bin\mysqld.exe: ready for connections.
Version: '10.1.40-MariaDB'  socket: ''  port: 3306  mariadb.org binary distribution
2019-06-03 23:45:23 502c InnoDB: Warning: Using innodb_additional_mem_pool_size is DEPRECATED. This option may be removed in future releases, together with the option innodb_use_sys_malloc and with the InnoDB's internal memory allocator.
2019-06-03 23:45:23 20524 [Note] InnoDB: innodb_empty_free_list_algorithm has been changed to legacy because of small buffer pool size. In order to use backoff, increase buffer pool at least up to 20MB.

2019-06-03 23:45:23 20524 [Note] InnoDB: Using mutexes to ref count buffer pool pages
2019-06-03 23:45:23 20524 [Note] InnoDB: The InnoDB memory heap is disabled
2019-06-03 23:45:23 20524 [Note] InnoDB: Mutexes and rw_locks use Windows interlocked functions
2019-06-03 23:45:23 20524 [Note] InnoDB: _mm_lfence() and _mm_sfence() are used for memory barrier
2019-06-03 23:45:23 20524 [Note] InnoDB: Compressed tables use zlib 1.2.11
2019-06-03 23:45:23 20524 [Note] InnoDB: Using generic crc32 instructions
2019-06-03 23:45:23 20524 [Note] InnoDB: Initializing buffer pool, size = 16.0M
2019-06-03 23:45:23 20524 [Note] InnoDB: Completed initialization of buffer pool
2019-06-03 23:45:23 20524 [ERROR] InnoDB: C:\xampp\mysql\data\ibdata1 can't be opened in read-write mode
2019-06-03 23:45:23 20524 [ERROR] InnoDB: The system tablespace must be writable!
2019-06-03 23:45:23 20524 [ERROR] Plugin 'InnoDB' init function returned error.
2019-06-03 23:45:23 20524 [ERROR] Plugin 'InnoDB' registration as a STORAGE ENGINE failed.
2019-06-03 23:45:23 20524 [Note] Plugin 'FEEDBACK' is disabled.
2019-06-03 23:45:23 20524 [ERROR] Unknown/unsupported storage engine: InnoDB
2019-06-03 23:45:23 20524 [ERROR] Aborting

2019-06-03 23:45:35 2aa0 InnoDB: Warning: Using innodb_additional_mem_pool_size is DEPRECATED. This option may be removed in future releases, together with the option innodb_use_sys_malloc and with the InnoDB's internal memory allocator.
2019-06-03 23:45:35 10912 [Note] InnoDB: innodb_empty_free_list_algorithm has been changed to legacy because of small buffer pool size. In order to use backoff, increase buffer pool at least up to 20MB.

2019-06-03 23:45:35 10912 [Note] InnoDB: Using mutexes to ref count buffer pool pages
2019-06-03 23:45:35 10912 [Note] InnoDB: The InnoDB memory heap is disabled
2019-06-03 23:45:35 10912 [Note] InnoDB: Mutexes and rw_locks use Windows interlocked functions
2019-06-03 23:45:35 10912 [Note] InnoDB: _mm_lfence() and _mm_sfence() are used for memory barrier
2019-06-03 23:45:35 10912 [Note] InnoDB: Compressed tables use zlib 1.2.11
2019-06-03 23:45:35 10912 [Note] InnoDB: Using generic crc32 instructions
2019-06-03 23:45:35 10912 [Note] InnoDB: Initializing buffer pool, size = 16.0M
2019-06-03 23:45:35 10912 [Note] InnoDB: Completed initialization of buffer pool
2019-06-03 23:45:35 10912 [ERROR] InnoDB: C:\xampp\mysql\data\ibdata1 can't be opened in read-write mode
2019-06-03 23:45:35 10912 [ERROR] InnoDB: The system tablespace must be writable!
2019-06-03 23:45:35 10912 [ERROR] Plugin 'InnoDB' init function returned error.
2019-06-03 23:45:35 10912 [ERROR] Plugin 'InnoDB' registration as a STORAGE ENGINE failed.
2019-06-03 23:45:35 10912 [Note] Plugin 'FEEDBACK' is disabled.
2019-06-03 23:45:35 10912 [ERROR] Unknown/unsupported storage engine: InnoDB
2019-06-03 23:45:35 10912 [ERROR] Aborting

2019-06-03 23:45:41 25e4 InnoDB: Warning: Using innodb_additional_mem_pool_size is DEPRECATED. This option may be removed in future releases, together with the option innodb_use_sys_malloc and with the InnoDB's internal memory allocator.
2019-06-03 23:45:41 9700 [Note] InnoDB: innodb_empty_free_list_algorithm has been changed to legacy because of small buffer pool size. In order to use backoff, increase buffer pool at least up to 20MB.

2019-06-03 23:45:41 9700 [Note] InnoDB: Using mutexes to ref count buffer pool pages
2019-06-03 23:45:41 9700 [Note] InnoDB: The InnoDB memory heap is disabled
2019-06-03 23:45:41 9700 [Note] InnoDB: Mutexes and rw_locks use Windows interlocked functions
2019-06-03 23:45:41 9700 [Note] InnoDB: _mm_lfence() and _mm_sfence() are used for memory barrier
2019-06-03 23:45:41 9700 [Note] InnoDB: Compressed tables use zlib 1.2.11
2019-06-03 23:45:41 9700 [Note] InnoDB: Using generic crc32 instructions
2019-06-03 23:45:41 9700 [Note] InnoDB: Initializing buffer pool, size = 16.0M
2019-06-03 23:45:41 9700 [Note] InnoDB: Completed initialization of buffer pool
2019-06-03 23:45:41 9700 [ERROR] InnoDB: C:\xampp\mysql\data\ibdata1 can't be opened in read-write mode
2019-06-03 23:45:41 9700 [ERROR] InnoDB: The system tablespace must be writable!
2019-06-03 23:45:41 9700 [ERROR] Plugin 'InnoDB' init function returned error.
2019-06-03 23:45:41 9700 [ERROR] Plugin 'InnoDB' registration as a STORAGE ENGINE failed.
2019-06-03 23:45:41 9700 [Note] Plugin 'FEEDBACK' is disabled.
2019-06-03 23:45:41 9700 [ERROR] Unknown/unsupported storage engine: InnoDB
2019-06-03 23:45:41 9700 [ERROR] Aborting

2019-06-03 23:45:44 49d0 InnoDB: Warning: Using innodb_additional_mem_pool_size is DEPRECATED. This option may be removed in future releases, together with the option innodb_use_sys_malloc and with the InnoDB's internal memory allocator.
2019-06-03 23:45:44 18896 [Note] InnoDB: innodb_empty_free_list_algorithm has been changed to legacy because of small buffer pool size. In order to use backoff, increase buffer pool at least up to 20MB.

2019-06-03 23:45:44 18896 [Note] InnoDB: Using mutexes to ref count buffer pool pages
2019-06-03 23:45:44 18896 [Note] InnoDB: The InnoDB memory heap is disabled
2019-06-03 23:45:44 18896 [Note] InnoDB: Mutexes and rw_locks use Windows interlocked functions
2019-06-03 23:45:44 18896 [Note] InnoDB: _mm_lfence() and _mm_sfence() are used for memory barrier
2019-06-03 23:45:44 18896 [Note] InnoDB: Compressed tables use zlib 1.2.11
2019-06-03 23:45:44 18896 [Note] InnoDB: Using generic crc32 instructions
2019-06-03 23:45:44 18896 [Note] InnoDB: Initializing buffer pool, size = 16.0M
2019-06-03 23:45:44 18896 [Note] InnoDB: Completed initialization of buffer pool
2019-06-03 23:45:44 18896 [ERROR] InnoDB: C:\xampp\mysql\data\ibdata1 can't be opened in read-write mode
2019-06-03 23:45:44 18896 [ERROR] InnoDB: The system tablespace must be writable!
2019-06-03 23:45:44 18896 [ERROR] Plugin 'InnoDB' init function returned error.
2019-06-03 23:45:44 18896 [ERROR] Plugin 'InnoDB' registration as a STORAGE ENGINE failed.
2019-06-03 23:45:44 18896 [Note] Plugin 'FEEDBACK' is disabled.
2019-06-03 23:45:44 18896 [ERROR] Unknown/unsupported storage engine: InnoDB
2019-06-03 23:45:44 18896 [ERROR] Aborting

2019-06-03 23:46:13 4e38 InnoDB: Warning: Using innodb_additional_mem_pool_size is DEPRECATED. This option may be removed in future releases, together with the option innodb_use_sys_malloc and with the InnoDB's internal memory allocator.
2019-06-03 23:46:13 20024 [Note] InnoDB: innodb_empty_free_list_algorithm has been changed to legacy because of small buffer pool size. In order to use backoff, increase buffer pool at least up to 20MB.

2019-06-03 23:46:13 20024 [Note] InnoDB: Using mutexes to ref count buffer pool pages
2019-06-03 23:46:13 20024 [Note] InnoDB: The InnoDB memory heap is disabled
2019-06-03 23:46:13 20024 [Note] InnoDB: Mutexes and rw_locks use Windows interlocked functions
2019-06-03 23:46:13 20024 [Note] InnoDB: _mm_lfence() and _mm_sfence() are used for memory barrier
2019-06-03 23:46:13 20024 [Note] InnoDB: Compressed tables use zlib 1.2.11
2019-06-03 23:46:13 20024 [Note] InnoDB: Using generic crc32 instructions
2019-06-03 23:46:13 20024 [Note] InnoDB: Initializing buffer pool, size = 16.0M
2019-06-03 23:46:13 20024 [Note] InnoDB: Completed initialization of buffer pool
2019-06-03 23:46:13 20024 [ERROR] InnoDB: C:\xampp\mysql\data\ibdata1 can't be opened in read-write mode
2019-06-03 23:46:13 20024 [ERROR] InnoDB: The system tablespace must be writable!
2019-06-03 23:46:13 20024 [ERROR] Plugin 'InnoDB' init function returned error.
2019-06-03 23:46:13 20024 [ERROR] Plugin 'InnoDB' registration as a STORAGE ENGINE failed.
2019-06-03 23:46:13 20024 [Note] Plugin 'FEEDBACK' is disabled.
2019-06-03 23:46:13 20024 [ERROR] Unknown/unsupported storage engine: InnoDB
2019-06-03 23:46:13 20024 [ERROR] Aborting

2019-06-03 23:46:15 2318 InnoDB: Warning: Using innodb_additional_mem_pool_size is DEPRECATED. This option may be removed in future releases, together with the option innodb_use_sys_malloc and with the InnoDB's internal memory allocator.
2019-06-03 23:46:15 8984 [Note] InnoDB: innodb_empty_free_list_algorithm has been changed to legacy because of small buffer pool size. In order to use backoff, increase buffer pool at least up to 20MB.

2019-06-03 23:46:15 8984 [Note] InnoDB: Using mutexes to ref count buffer pool pages
2019-06-03 23:46:15 8984 [Note] InnoDB: The InnoDB memory heap is disabled
2019-06-03 23:46:15 8984 [Note] InnoDB: Mutexes and rw_locks use Windows interlocked functions
2019-06-03 23:46:15 8984 [Note] InnoDB: _mm_lfence() and _mm_sfence() are used for memory barrier
2019-06-03 23:46:15 8984 [Note] InnoDB: Compressed tables use zlib 1.2.11
2019-06-03 23:46:15 8984 [Note] InnoDB: Using generic crc32 instructions
2019-06-03 23:46:15 8984 [Note] InnoDB: Initializing buffer pool, size = 16.0M
2019-06-03 23:46:15 8984 [Note] InnoDB: Completed initialization of buffer pool
2019-06-03 23:46:15 8984 [ERROR] InnoDB: C:\xampp\mysql\data\ibdata1 can't be opened in read-write mode
2019-06-03 23:46:15 8984 [ERROR] InnoDB: The system tablespace must be writable!
2019-06-03 23:46:15 8984 [ERROR] Plugin 'InnoDB' init function returned error.
2019-06-03 23:46:15 8984 [ERROR] Plugin 'InnoDB' registration as a STORAGE ENGINE failed.
2019-06-03 23:46:15 8984 [Note] Plugin 'FEEDBACK' is disabled.
2019-06-03 23:46:15 8984 [ERROR] Unknown/unsupported storage engine: InnoDB
2019-06-03 23:46:15 8984 [ERROR] Aborting

2019-06-04 22:09:44 3048 InnoDB: Warning: Using innodb_additional_mem_pool_size is DEPRECATED. This option may be removed in future releases, together with the option innodb_use_sys_malloc and with the InnoDB's internal memory allocator.
2019-06-04 22:09:44 12360 [Note] InnoDB: innodb_empty_free_list_algorithm has been changed to legacy because of small buffer pool size. In order to use backoff, increase buffer pool at least up to 20MB.

2019-06-04 22:09:44 12360 [Note] InnoDB: Using mutexes to ref count buffer pool pages
2019-06-04 22:09:44 12360 [Note] InnoDB: The InnoDB memory heap is disabled
2019-06-04 22:09:44 12360 [Note] InnoDB: Mutexes and rw_locks use Windows interlocked functions
2019-06-04 22:09:44 12360 [Note] InnoDB: _mm_lfence() and _mm_sfence() are used for memory barrier
2019-06-04 22:09:44 12360 [Note] InnoDB: Compressed tables use zlib 1.2.11
2019-06-04 22:09:44 12360 [Note] InnoDB: Using generic crc32 instructions
2019-06-04 22:09:44 12360 [Note] InnoDB: Initializing buffer pool, size = 16.0M
2019-06-04 22:09:44 12360 [Note] InnoDB: Completed initialization of buffer pool
2019-06-04 22:09:44 12360 [Note] InnoDB: Highest supported file format is Barracuda.
2019-06-04 22:09:44 12360 [Note] InnoDB: The log sequence number 1835037 in ibdata file do not match the log sequence number 1835445 in the ib_logfiles!
2019-06-04 22:09:45 12360 [Note] InnoDB: Restoring possible half-written data pages from the doublewrite buffer...
2019-06-04 22:09:45 12360 [Note] InnoDB: 128 rollback segment(s) are active.
2019-06-04 22:09:45 12360 [Note] InnoDB: Waiting for purge to start
2019-06-04 22:09:45 12360 [Note] InnoDB:  Percona XtraDB (http://www.percona.com) 5.6.43-84.3 started; log sequence number 1835445
2019-06-04 22:09:45 10344 [Note] InnoDB: Dumping buffer pool(s) not yet started
2019-06-04 22:09:45 12360 [Note] Plugin 'FEEDBACK' is disabled.
2019-06-04 22:09:45 12360 [Note] Server socket created on IP: '::'.
2019-06-04 22:09:45 12360 [Note] c:\xampp\mysql\bin\mysqld.exe: ready for connections.
Version: '10.1.40-MariaDB'  socket: ''  port: 3306  mariadb.org binary distribution
2019-06-05 02:19:27 201c InnoDB: Warning: Using innodb_additional_mem_pool_size is DEPRECATED. This option may be removed in future releases, together with the option innodb_use_sys_malloc and with the InnoDB's internal memory allocator.
2019-06-05  2:19:27 8220 [Note] InnoDB: innodb_empty_free_list_algorithm has been changed to legacy because of small buffer pool size. In order to use backoff, increase buffer pool at least up to 20MB.

2019-06-05  2:19:27 8220 [Note] InnoDB: Using mutexes to ref count buffer pool pages
2019-06-05  2:19:27 8220 [Note] InnoDB: The InnoDB memory heap is disabled
2019-06-05  2:19:27 8220 [Note] InnoDB: Mutexes and rw_locks use Windows interlocked functions
2019-06-05  2:19:27 8220 [Note] InnoDB: _mm_lfence() and _mm_sfence() are used for memory barrier
2019-06-05  2:19:27 8220 [Note] InnoDB: Compressed tables use zlib 1.2.11
2019-06-05  2:19:27 8220 [Note] InnoDB: Using generic crc32 instructions
2019-06-05  2:19:27 8220 [Note] InnoDB: Initializing buffer pool, size = 16.0M
2019-06-05  2:19:27 8220 [Note] InnoDB: Completed initialization of buffer pool
2019-06-05  2:19:27 8220 [Note] InnoDB: Highest supported file format is Barracuda.
2019-06-05  2:19:27 8220 [Note] InnoDB: The log sequence number 1835037 in ibdata file do not match the log sequence number 1882326 in the ib_logfiles!
2019-06-05  2:19:27 8220 [Note] InnoDB: Restoring possible half-written data pages from the doublewrite buffer...
2019-06-05  2:19:27 8220 [Note] InnoDB: 128 rollback segment(s) are active.
2019-06-05  2:19:27 8220 [Note] InnoDB: Waiting for purge to start
2019-06-05  2:19:27 8220 [Note] InnoDB:  Percona XtraDB (http://www.percona.com) 5.6.43-84.3 started; log sequence number 1882326
2019-06-05  2:19:27 2784 [Note] InnoDB: Dumping buffer pool(s) not yet started
2019-06-05  2:19:27 8220 [Note] Plugin 'FEEDBACK' is disabled.
2019-06-05  2:19:27 8220 [Note] Server socket created on IP: '::'.
2019-06-05  2:19:27 8220 [Note] c:\xampp\mysql\bin\mysqld.exe: ready for connections.
Version: '10.1.40-MariaDB'  socket: ''  port: 3306  mariadb.org binary distribution
2019-06-05 23:09:26 12dc InnoDB: Warning: Using innodb_additional_mem_pool_size is DEPRECATED. This option may be removed in future releases, together with the option innodb_use_sys_malloc and with the InnoDB's internal memory allocator.
2019-06-05 23:09:26 4828 [Note] InnoDB: innodb_empty_free_list_algorithm has been changed to legacy because of small buffer pool size. In order to use backoff, increase buffer pool at least up to 20MB.

2019-06-05 23:09:26 4828 [Note] InnoDB: Using mutexes to ref count buffer pool pages
2019-06-05 23:09:26 4828 [Note] InnoDB: The InnoDB memory heap is disabled
2019-06-05 23:09:26 4828 [Note] InnoDB: Mutexes and rw_locks use Windows interlocked functions
2019-06-05 23:09:26 4828 [Note] InnoDB: _mm_lfence() and _mm_sfence() are used for memory barrier
2019-06-05 23:09:26 4828 [Note] InnoDB: Compressed tables use zlib 1.2.11
2019-06-05 23:09:26 4828 [Note] InnoDB: Using generic crc32 instructions
2019-06-05 23:09:26 4828 [Note] InnoDB: Initializing buffer pool, size = 16.0M
2019-06-05 23:09:26 4828 [Note] InnoDB: Completed initialization of buffer pool
2019-06-05 23:09:26 4828 [Note] InnoDB: Highest supported file format is Barracuda.
2019-06-05 23:09:26 4828 [Note] InnoDB: The log sequence number 1835037 in ibdata file do not match the log sequence number 1883744 in the ib_logfiles!
2019-06-05 23:09:26 4828 [Note] InnoDB: Restoring possible half-written data pages from the doublewrite buffer...
2019-06-05 23:09:26 4828 [Note] InnoDB: 128 rollback segment(s) are active.
2019-06-05 23:09:26 4828 [Note] InnoDB: Waiting for purge to start
2019-06-05 23:09:26 4828 [Note] InnoDB:  Percona XtraDB (http://www.percona.com) 5.6.43-84.3 started; log sequence number 1883744
2019-06-05 23:09:26 13052 [Note] InnoDB: Dumping buffer pool(s) not yet started
2019-06-05 23:09:26 4828 [Note] Plugin 'FEEDBACK' is disabled.
2019-06-05 23:09:26 4828 [Note] Server socket created on IP: '::'.
2019-06-05 23:09:27 4828 [Note] c:\xampp\mysql\bin\mysqld.exe: ready for connections.
Version: '10.1.40-MariaDB'  socket: ''  port: 3306  mariadb.org binary distribution
2019-06-07 15:31:15 0 [Note] InnoDB: Mutexes and rw_locks use Windows interlocked functions
2019-06-07 15:31:15 0 [Note] InnoDB: Uses event mutexes
2019-06-07 15:31:15 0 [Note] InnoDB: Compressed tables use zlib 1.2.11
2019-06-07 15:31:15 0 [Note] InnoDB: Number of pools: 1
2019-06-07 15:31:15 0 [Note] InnoDB: Using SSE2 crc32 instructions
2019-06-07 15:31:15 0 [Note] InnoDB: Initializing buffer pool, total size = 16M, instances = 1, chunk size = 16M
2019-06-07 15:31:15 0 [Note] InnoDB: Completed initialization of buffer pool
2019-06-07 15:31:15 0 [Note] InnoDB: Upgrading redo log: 2*5242880 bytes; LSN=1889469
2019-06-07 15:31:15 0 [Note] InnoDB: Starting to delete and rewrite log files.
2019-06-07 15:31:15 0 [Note] InnoDB: Setting log file C:\xampp\mysql\data\ib_logfile101 size to 5242880 bytes
2019-06-07 15:31:15 0 [Note] InnoDB: Setting log file C:\xampp\mysql\data\ib_logfile1 size to 5242880 bytes
2019-06-07 15:31:15 0 [Note] InnoDB: Renaming log file C:\xampp\mysql\data\ib_logfile101 to C:\xampp\mysql\data\ib_logfile0
2019-06-07 15:31:15 0 [Note] InnoDB: New log files created, LSN=1889469
2019-06-07 15:31:16 0 [Note] InnoDB: 128 out of 128 rollback segments are active.
2019-06-07 15:31:16 0 [Note] InnoDB: Creating sys_virtual system tables.
2019-06-07 15:31:16 0 [Note] InnoDB: Creating shared tablespace for temporary tables
2019-06-07 15:31:16 0 [Note] InnoDB: Setting file 'C:\xampp\mysql\data\ibtmp1' size to 12 MB. Physically writing the file full; Please wait ...
2019-06-07 15:31:16 0 [Note] InnoDB: File 'C:\xampp\mysql\data\ibtmp1' size is now 12 MB.
2019-06-07 15:31:16 0 [Note] InnoDB: Waiting for purge to start
2019-06-07 15:31:16 0 [Note] InnoDB: 10.3.15 started; log sequence number 1889469; transaction id 8436
2019-06-07 15:31:16 0 [Note] InnoDB: Loading buffer pool(s) from C:\xampp\mysql\data\ib_buffer_pool
2019-06-07 15:31:16 0 [Note] InnoDB: Cannot open 'C:\xampp\mysql\data\ib_buffer_pool' for reading: No such file or directory
2019-06-07 15:31:16 0 [Note] Plugin 'FEEDBACK' is disabled.
2019-06-07 15:31:16 0 [Note] Server socket created on IP: '::'.
